[1015/190809.116:ERROR:directory_reader_win.cc(43)] FindFirstFile: The system cannot find the path specified. (0x3)
[1016/102221.560:ERROR:directory_reader_win.cc(43)] FindFirstFile: The system cannot find the path specified. (0x3)
[1016/164108.530:ERROR:directory_reader_win.cc(43)] FindFirstFile: The system cannot find the path specified. (0x3)
[1019/153642.755:ERROR:directory_reader_win.cc(43)] FindFirstFile: The system cannot find the path specified. (0x3)
[1022/225743.649:ERROR:filesystem_win.cc(129)] GetFileAttributes C:\Users\DELL\AppData\Local\Microsoft\Edge\User Data\Crashpad\attachments\23560cfb-0c32-4355-ba04-1536a09c45ae: The system cannot find the path specified. (0x3)
[1022/225747.928:ERROR:filesystem_win.cc(129)] GetFileAttributes C:\Users\DELL\AppData\Local\Microsoft\Edge\User Data\Crashpad\attachments\28bc66bc-25d1-420f-90ca-24d67b0f499a: The system cannot find the path specified. (0x3)
[1022/225748.110:ERROR:filesystem_win.cc(129)] GetFileAttributes C:\Users\DELL\AppData\Local\Microsoft\Edge\User Data\Crashpad\attachments\8d4a25ba-e546-4bc2-88f9-3638b3536b70: The system cannot find the path specified. (0x3)
[1022/225748.480:ERROR:filesystem_win.cc(129)] GetFileAttributes C:\Users\DELL\AppData\Local\Microsoft\Edge\User Data\Crashpad\attachments\a1707791-2649-4a07-a0e8-88699c22ab73: The system cannot find the path specified. (0x3)
[1022/225817.376:ERROR:minidumpwritedump_with_crashpad_info.cc(452)] Failed to call MiniDumpWriteDump: The paging file is too small for this operation to complete. (0x800705AF)
[1022/225817.378:ERROR:minidumpwritedump_with_crashpad_info.cc(661)] Failed to write minidump file
[1022/225817.378:ERROR:crash_report_exception_handler.cc(134)] TryMiniDumpWriteDumpWithCrashpadInfo failed
[1022/225817.381:ERROR:process_info.cc(359)] UncheckedAllocate
[1022/225817.397:ERROR:filesystem_win.cc(129)] GetFileAttributes C:\Users\DELL\AppData\Local\Microsoft\Edge\User Data\Crashpad\attachments\cc21937e-2610-4e22-be95-1a0ae384e624: The system cannot find the path specified. (0x3)
[1022/225824.229:ERROR:filesystem_win.cc(129)] GetFileAttributes C:\Users\DELL\AppData\Local\Microsoft\Edge\User Data\Crashpad\attachments\2e68b07e-d17f-4b2e-a413-ff527f3ce788: The system cannot find the path specified. (0x3)
[1022/225940.956:ERROR:minidumpwritedump_with_crashpad_info.cc(452)] Failed to call MiniDumpWriteDump: The paging file is too small for this operation to complete. (0x800705AF)
[1022/225940.957:ERROR:minidumpwritedump_with_crashpad_info.cc(661)] Failed to write minidump file
[1022/225940.957:ERROR:crash_report_exception_handler.cc(134)] TryMiniDumpWriteDumpWithCrashpadInfo failed
[1022/225940.960:ERROR:process_info.cc(359)] UncheckedAllocate
[1022/225940.976:ERROR:filesystem_win.cc(129)] GetFileAttributes C:\Users\DELL\AppData\Local\Microsoft\Edge\User Data\Crashpad\attachments\955c4e23-d2e9-43f7-b3f0-e00de321a916: The system cannot find the path specified. (0x3)
[1022/235858.192:ERROR:directory_reader_win.cc(43)] FindFirstFile: The system cannot find the path specified. (0x3)
